["```\nimport unittest\nimport hitcount\n\nclass HitCountTest (unittest.TestCase):\n     def testOneHit(self):\n         # increase the hit count for user user1\n         hitcount.hit(\"user1\")\n         # ensure that the hit count for user1 is just 1\n         self.assertEqual(b'1', hitcount.getHit(\"user1\"))\n\nif __name__ == '__main__':\n    unittest.main()\n```", "```\n$ python3 -m unittest \n\n```", "```\nE \n====================================================================== \nERROR: test_hitcount (unittest.loader.ModuleImportFailure) \n---------------------------------------------------------------------- \nTraceback (most recent call last): \n...OUTPUT TRUNCATED ... \nImportError: No module named 'hitcount' \n\n---------------------------------------------------------------------- \nRan 1 test in 0.001s \n\nFAILED (errors=1) \n\n```", "```\n$ touch hitcount.py \n\n```", "```\n$ python3 -m unittest \n\n```", "```\nE \n====================================================================== \nERROR: testOneHit (test_hitcount.HitCountTest) \n---------------------------------------------------------------------- \nTraceback (most recent call last): \n File \"/home/user/test_hitcount.py\", line 10, in testOneHit \n hitcount.hit(\"peter\") \nAttributeError: 'module' object has no attribute 'hit' \n\n---------------------------------------------------------------------- \nRan 1 test in 0.001s \n\nFAILED (errors=1) \n\n```", "```\nimport redis\n# connect to redis server\nr = redis.StrictRedis(host='0.0.0.0', port=6379, db=0)\n\n# increase the hit count for the usr\ndef hit(usr):\n    r.incr(usr)\n\n# get the hit count for the usr\n   def getHit(usr):\n    return (r.get(usr))\n```", "```\n$ wget -qO- https://bootstrap.pypa.io/get-pip.py | sudo python3 - \n\n```", "```\n$ sudo pip3 install redis \n\n```", "```\n$ sudo pip3 install mockredispy \n\n```", "```\nimport unittest\nfrom unittest.mock import patch\n\n# Mock for redis\nimport mockredis\nimport hitcount\n\nclass HitCountTest(unittest.TestCase):\n\n    @patch('hitcount.r',mockredis.mock_strict_redis_client(host='0.0.0.0', port=6379, db=0))\n    def testOneHit(self):\n        # increase the hit count for user user1\n        hitcount.hit(\"user1\")\n        # ensure that the hit count for user1 is just 1\n        self.assertEqual(b'1', hitcount.getHit(\"user1\"))\n\nif __name__ == '__main__':\n    unittest.main()\n```", "```\n$ python3 -m unittest \n. \n---------------------------------------------------------------------- \nRan 1 test in 0.000s \n\nOK \n\n```", "```\n#############################################\n# Dockerfile to build the unittest container\n#############################################\n\n# Base image is python\nFROM python:latest\n\n# Author: Dr. Peter\nMAINTAINER Dr. Peter <peterindia@gmail.com>\n\n# Install redis driver for python and the redis mock\nRUN pip install redis && pip install mockredispy\n\n# Copy the test and source to the Docker image\nADD src/ /src/\n\n# Change the working directory to /src/\nWORKDIR /src/\n\n# Make unittest as the default execution\nENTRYPOINT python3 -m unittest\n```", "```\n$ sudo docker build -t hit_unittest . \nSending build context to Docker daemon 11.78 kB \nSending build context to Docker daemon \nStep 0 : FROM python:latest \n ---> 32b9d937b993 \nStep 1 : MAINTAINER Dr. Peter <peterindia@gmail.com> \n ---> Using cache \n ---> bf40ee5f5563 \nStep 2 : RUN pip install redis && pip install mockredispy \n ---> Using cache \n ---> a55f3bdb62b3 \nStep 3 : ADD src/ /src/ \n ---> 526e13dbf4c3 \nRemoving intermediate container a6d89cbce053 \nStep 4 : WORKDIR /src/ \n ---> Running in 5c180e180a93 \n ---> 53d3f4e68f6b \nRemoving intermediate container 5c180e180a93 \nStep 5 : ENTRYPOINT python3 -m unittest \n ---> Running in 74d81f4fe817 \n ---> 063bfe92eae0 \nRemoving intermediate container 74d81f4fe817 \nSuccessfully built 063bfe92eae0 \n\n```", "```\n$ sudo docker run --rm -it hit_unittest . \n---------------------------------------------------------------------- \nRan 1 test in 0.001s \n\nOK \n\n```", "```\n$ sudo docker run -it \\ \n -v /home/peter/src/hitcount:/src \\ \n python:latest /bin/bash \n\n```", "```\nroot@a8219ac7ed8e:~# cd /src \nroot@a8219ac7ed8e:/src# python3 -m unittest \nE \n====================================================================== \nERROR: test_hitcount (unittest.loader.ModuleImportFailure) \n. . . TRUNCATED OUTPUT . . . \n File \"/src/test_hitcount.py\", line 4, in <module> \n import mockredis \nImportError: No module named 'mockredis' \n\n----------------------------------------------------------------- \nRan 1 test in 0.001s \n\nFAILED (errors=1) \n\n```", "```\nroot@a8219ac7ed8e:/src# pip install mockredispy \n\n```", "```\nroot@a8219ac7ed8e:/src# python3 -m unittest \nE \n================================================================= \nERROR: test_hitcount (unittest.loader.ModuleImportFailure) \n. . . TRUNCATED OUTPUT . . . \n File \"/src/hitcount.py\", line 1, in <module> \n import redis \nImportError: No module named 'redis' \n\nRan 1 test in 0.001s \n\nFAILED (errors=1) \n\n```", "```\nroot@a8219ac7ed8e:/src# pip install redis \n\n```", "```\nroot@a8219ac7ed8e:/src# python3 -m unittest \n. \n----------------------------------------------------------------- \nRan 1 test in 0.000s \n\nOK \n\n```", "```\n$ sudo docker commit a8219ac7ed8e python_rediswithmock \nfcf27247ff5bb240a935ec4ba1bddbd8c90cd79cba66e52b21e1b48f984c7db2 \n\n```", "```\n$ wget -q -O - \\ \n https://jenkins-ci.org/debian/jenkins-ci.org.key | \\ \n sudo apt-key add - \n\n```", "```\n$ sudo sh -c \\ \n 'echo deb http://pkg.jenkins-ci.org/debian binary/ > \\ \n /etc/apt/sources.list.d/jenkins.list' \n\n```", "```\n$ sudo apt-get update \n\n```", "```\n$ sudo apt-get install jenkins \n\n```", "```\n$ sudo service jenkins start \n\n```", "```\n$ sudo apt-get install git \n\n```", "```\n$ sudo gpasswd -a jenkins docker \nAdding user jenkins to group docker \n\n```", "```\n$ sudo service jenkins restart \n * Restarting Jenkins Continuous Integration Server jenkins              [ OK ] \n\n```", "```\nStarted by user anonymous \nBuilding in workspace /var/lib/jenkins/jobs/Docker-Testing/workspace \nCloning the remote Git repository \nCloning repository https://github.com/thedocker/testing/ \n. . . OUTPUT TRUNCATED . . . \n+ docker build -t docker_testing_using_jenkins . \nSending build context to Docker daemon 121.9 kB \n\nSending build context to Docker daemon \nStep 0 : FROM python:latest \n. . . OUTPUT TRUNCATED . . . \nSuccessfully built ad4be4b451e6 \n+ docker run --rm docker_testing_using_jenkins \n. \n---------------------------------------------------------------------- \nRan 1 test in 0.000s \n\nOK \nFinished: SUCCESS \n\n```", "```\nStarted by an SCM change \nBuilding in workspace /var/lib/jenkins/jobs/Docker-Testing/workspace \n. . . OUTPUT TRUNCATED . . . \nImportError: No module named 'error_hitcount' \n\n---------------------------------------------------------------------- \nRan 1 test in 0.001s \n\nFAILED (errors=1) \nBuild step 'Execute shell' marked build as failure \nFinished: FAILURE \n\n```"]